[2022-04-24 14:57:25] 合约验证成功，开始导入。。。
[2022-04-24 14:57:25] 导入合约：0x5dBba996A50E88d313f5605E05D9Cd5B514F03ad
[2022-04-24 14:57:25] 初始化合约:0xcA143Ce32Fe78f1f7019d7d551a6402fC5350c73
[2022-04-24 14:57:25] 初始化合约:0xcA143Ce32Fe78f1f7019d7d551a6402fC5350c73
[2022-04-24 15:01:20] 合约验证成功，开始导入。。。
[2022-04-24 15:01:20] 导入合约：0x5dBba996A50E88d313f5605E05D9Cd5B514F03ad
[2022-04-24 15:01:20] 初始化合约:0xcA143Ce32Fe78f1f7019d7d551a6402fC5350c73
[2022-04-24 15:01:21] 初始化合约:0xcA143Ce32Fe78f1f7019d7d551a6402fC5350c73
[2022-04-24 15:01:53] 开启设置
[2022-04-24 15:01:53] 设置完成，重置合约
[2022-04-24 15:01:58] 开启设置
[2022-04-24 15:01:58] 设置完成，重置合约
[2022-04-24 15:02:17] 合约验证成功，开始导入。。。
[2022-04-24 15:02:17] 导入合约：0x5dBba996A50E88d313f5605E05D9Cd5B514F03ad
[2022-04-24 15:02:17] 初始化合约:0xcA143Ce32Fe78f1f7019d7d551a6402fC5350c73
[2022-04-24 15:02:19] 初始化合约:0xcA143Ce32Fe78f1f7019d7d551a6402fC5350c73
[2022-04-24 15:03:23] 合约验证成功，开始导入。。。
[2022-04-24 15:03:23] 导入合约：0x5dBba996A50E88d313f5605E05D9Cd5B514F03ad
[2022-04-24 15:03:23] 初始化合约:0xcA143Ce32Fe78f1f7019d7d551a6402fC5350c73
[2022-04-24 15:03:24] 初始化合约:0xcA143Ce32Fe78f1f7019d7d551a6402fC5350c73
[2022-04-24 15:03:25] 未找到PAIR地址：0x5dBba996A50E88d313f5605E05D9Cd5B514F03ad
[2022-04-24 15:04:24] 合约验证成功，开始导入。。。
[2022-04-24 15:04:24] 导入合约：0x5dBba996A50E88d313f5605E05D9Cd5B514F03ad
[2022-04-24 15:04:24] 初始化合约:0xcA143Ce32Fe78f1f7019d7d551a6402fC5350c73
[2022-04-24 15:04:25] 初始化合约:0xcA143Ce32Fe78f1f7019d7d551a6402fC5350c73
[2022-04-24 15:04:26] 未找到PAIR地址：0x5dBba996A50E88d313f5605E05D9Cd5B514F03ad
[2022-04-24 15:05:21] 合约验证成功，开始导入。。。
[2022-04-24 15:05:21] 导入合约：0x5dBba996A50E88d313f5605E05D9Cd5B514F03ad
[2022-04-24 15:05:21] 初始化合约:0xcA143Ce32Fe78f1f7019d7d551a6402fC5350c73
[2022-04-24 15:05:22] 初始化合约:0xcA143Ce32Fe78f1f7019d7d551a6402fC5350c73
[2022-04-24 15:05:22] 未找到PAIR地址：0x5dBba996A50E88d313f5605E05D9Cd5B514F03ad
[2022-04-24 15:11:52] 合约验证成功，开始导入。。。
[2022-04-24 15:11:52] 导入合约：0x5dBba996A50E88d313f5605E05D9Cd5B514F03ad
[2022-04-24 15:11:52] 初始化合约:0xcA143Ce32Fe78f1f7019d7d551a6402fC5350c73
[2022-04-24 15:11:53] 未找到PAIR地址：0x5dBba996A50E88d313f5605E05D9Cd5B514F03ad
[2022-04-24 15:15:26] 合约验证成功，开始导入。。。
[2022-04-24 15:15:26] 导入合约：0x5dBba996A50E88d313f5605E05D9Cd5B514F03ad
[2022-04-24 15:15:26] 初始化合约:0xcA143Ce32Fe78f1f7019d7d551a6402fC5350c73
[2022-04-24 15:15:27] PAIR地址：0x5BbD96444822C95256963bB0768103dEe88CACB9
[2022-04-24 15:15:27] 初始化合约:0x5BbD96444822C95256963bB0768103dEe88CACB9
[2022-04-24 15:15:28] 初始化pair合约实例
[2022-04-24 15:15:29] 获取交易对的顺序
[2022-04-24 15:15:29] 初始化合约:0x5dBba996A50E88d313f5605E05D9Cd5B514F03ad
[2022-04-24 15:15:31] 初始化合约实例
[2022-04-24 15:15:32] WebThree.approve() takes from 2 to 3 positional arguments but 4 were given
[2022-04-24 15:20:38] 导入合约：0x5dBba996A50E88d313f5605E05D9Cd5B514F03ad
[2022-04-24 15:20:38] list assignment index out of range
[2022-04-24 15:20:43] 导入合约：0x5dBba996A50E88d313f5605E05D9Cd5B514F03ad
[2022-04-24 15:20:43] list assignment index out of range
[2022-04-24 15:22:21] 导入合约：0x5dBba996A50E88d313f5605E05D9Cd5B514F03ad
[2022-04-24 15:22:21] list assignment index out of range
[2022-04-24 15:26:31] 导入合约：0x5dBba996A50E88d313f5605E05D9Cd5B514F03ad
[2022-04-24 15:26:31] 初始化合约:0xcA143Ce32Fe78f1f7019d7d551a6402fC5350c73
[2022-04-24 15:26:33] PAIR地址：0x5BbD96444822C95256963bB0768103dEe88CACB9
[2022-04-24 15:26:33] 初始化合约:0x5BbD96444822C95256963bB0768103dEe88CACB9
[2022-04-24 15:26:33] 初始化pair合约实例
[2022-04-24 15:26:34] 获取交易对的顺序
[2022-04-24 15:26:34] 初始化合约:0x5dBba996A50E88d313f5605E05D9Cd5B514F03ad
[2022-04-24 15:26:35] 初始化合约实例
[2022-04-24 15:26:38] 'WebThree' object has no attribute 'user'
[2022-04-24 15:26:38] list assignment index out of range
[2022-04-24 15:31:12] 导入合约：0x5dBba996A50E88d313f5605E05D9Cd5B514F03ad
[2022-04-24 15:31:12] list assignment index out of range
[2022-04-24 15:34:03] 导入合约：0x5dBba996A50E88d313f5605E05D9Cd5B514F03ad
[2022-04-24 15:43:28] 导入合约：0x5dBba996A50E88d313f5605E05D9Cd5B514F03ad
[2022-04-24 15:43:35] 初始化合约:0x5BbD96444822C95256963bB0768103dEe88CACB9
[2022-04-24 15:43:36] LP: Token0=24.743063401132514164| Token1=330706048.4483574660881705853
